# JRE version: Java(TM) SE Runtime Environment (8.0_91-b14) (build 1.8.0_91-b14)
# Java VM: Java HotSpot(TM) 64-Bit Server VM (25.91-b14 mixed mode bsd-amd64 compressed oops)
Heap:
 PSYoungGen      total 177152K, used 28427K [0x0000000775580000, 0x0000000784700000, 0x00000007c0000000)
  eden space 171008K, 16% used [0x0000000775580000,0x0000000777142fe0,0x000000077fc80000)
  from space 6144K, 0% used [0x0000000781200000,0x0000000781200000,0x0000000781800000)
  to   space 22016K, 0% used [0x000000077fc80000,0x000000077fc80000,0x0000000781200000)
 ParOldGen       total 633344K, used 137298K [0x00000006e0000000, 0x0000000706a80000, 0x0000000775580000)
  object space 633344K, 21% used [0x00000006e0000000,0x00000006e8614bd8,0x0000000706a80000)
 Metaspace       used 21570K, capacity 22552K, committed 23040K, reserved 1069056K
  class space    used 2546K, capacity 2867K, committed 3072K, reserved 1048576K
GC Heap History (10 events):
Event: 33614.584 GC heap before
{Heap before GC invocations=82209 (full 156):
 PSYoungGen      total 177664K, used 177184K [0x0000000775580000, 0x0000000781e80000, 0x00000007c0000000)
  eden space 177152K, 100% used [0x0000000775580000,0x0000000780280000,0x0000000780280000)
  from space 512K, 6% used [0x0000000781e00000,0x0000000781e08000,0x0000000781e80000)
  to   space 7168K, 0% used [0x0000000781080000,0x0000000781080000,0x0000000781780000)
 ParOldGen       total 615936K, used 594589K [0x00000006e0000000, 0x0000000705980000, 0x0000000775580000)
  object space 615936K, 96% used [0x00000006e0000000,0x00000007044a7698,0x0000000705980000)
 Metaspace       used 21570K, capacity 22552K, committed 23040K, reserved 1069056K
  class space    used 2546K, capacity 2867K, committed 3072K, reserved 1048576K
Event: 33614.590 GC heap after
Heap after GC invocations=82209 (full 156):
 PSYoungGen      total 182272K, used 32K [0x0000000775580000, 0x0000000781e80000, 0x00000007c0000000)
  eden space 175104K, 0% used [0x0000000775580000,0x0000000775580000,0x0000000780080000)
  from space 7168K, 0% used [0x0000000781080000,0x0000000781088000,0x0000000781780000)
  to   space 7168K, 0% used [0x0000000781780000,0x0000000781780000,0x0000000781e80000)
 ParOldGen       total 615936K, used 594589K [0x00000006e0000000, 0x0000000705980000, 0x0000000775580000)
  object space 615936K, 96% used [0x00000006e0000000,0x00000007044a7698,0x0000000705980000)
 Metaspace       used 21570K, capacity 22552K, committed 23040K, reserved 1069056K
  class space    used 2546K, capacity 2867K, committed 3072K, reserved 1048576K
}
Event: 33615.489 GC heap before
{Heap before GC invocations=82210 (full 156):
 PSYoungGen      total 182272K, used 175136K [0x0000000775580000, 0x0000000781e80000, 0x00000007c0000000)
  eden space 175104K, 100% used [0x0000000775580000,0x0000000780080000,0x0000000780080000)
  from space 7168K, 0% used [0x0000000781080000,0x0000000781088000,0x0000000781780000)
  to   space 7168K, 0% used [0x0000000781780000,0x0000000781780000,0x0000000781e80000)
 ParOldGen       total 615936K, used 594589K [0x00000006e0000000, 0x0000000705980000, 0x0000000775580000)
  object space 615936K, 96% used [0x00000006e0000000,0x00000007044a7698,0x0000000705980000)
 Metaspace       used 21570K, capacity 22552K, committed 23040K, reserved 1069056K
  class space    used 2546K, capacity 2867K, committed 3072K, reserved 1048576K
Event: 33615.495 GC heap after
Heap after GC invocations=82210 (full 156):
 PSYoungGen      total 173568K, used 32K [0x0000000775580000, 0x0000000781800000, 0x00000007c0000000)
  eden space 173056K, 0% used [0x0000000775580000,0x0000000775580000,0x000000077fe80000)
  from space 512K, 6% used [0x0000000781780000,0x0000000781788000,0x0000000781800000)
  to   space 6656K, 0% used [0x0000000780b00000,0x0000000780b00000,0x0000000781180000)
 ParOldGen       total 615936K, used 594597K [0x00000006e0000000, 0x0000000705980000, 0x0000000775580000)
  object space 615936K, 96% used [0x00000006e0000000,0x00000007044a9698,0x0000000705980000)
 Metaspace       used 21570K, capacity 22552K, committed 23040K, reserved 1069056K
  class space    used 2546K, capacity 2867K, committed 3072K, reserved 1048576K
}
Event: 33616.379 GC heap before
{Heap before GC invocations=82211 (full 156):
 PSYoungGen      total 173568K, used 173088K [0x0000000775580000, 0x0000000781800000, 0x00000007c0000000)
  eden space 173056K, 100% used [0x0000000775580000,0x000000077fe80000,0x000000077fe80000)
  from space 512K, 6% used [0x0000000781780000,0x0000000781788000,0x0000000781800000)
  to   space 6656K, 0% used [0x0000000780b00000,0x0000000780b00000,0x0000000781180000)
 ParOldGen       total 615936K, used 594597K [0x00000006e0000000, 0x0000000705980000, 0x0000000775580000)
  object space 615936K, 96% used [0x00000006e0000000,0x00000007044a9698,0x0000000705980000)
 Metaspace       used 21570K, capacity 22552K, committed 23040K, reserved 1069056K
  class space    used 2546K, capacity 2867K, committed 3072K, reserved 1048576K
Event: 33616.385 GC heap after
Heap after GC invocations=82211 (full 156):
 PSYoungGen      total 177664K, used 32K [0x0000000775580000, 0x0000000781800000, 0x00000007c0000000)
  eden space 171008K, 0% used [0x0000000775580000,0x0000000775580000,0x000000077fc80000)
  from space 6656K, 0% used [0x0000000780b00000,0x0000000780b08000,0x0000000781180000)
  to   space 6144K, 0% used [0x0000000781200000,0x0000000781200000,0x0000000781800000)
 ParOldGen       total 615936K, used 594605K [0x00000006e0000000, 0x0000000705980000, 0x0000000775580000)
  object space 615936K, 96% used [0x00000006e0000000,0x00000007044ab698,0x0000000705980000)
 Metaspace       used 21570K, capacity 22552K, committed 23040K, reserved 1069056K
  class space    used 2546K, capacity 2867K, committed 3072K, reserved 1048576K
}
Event: 33617.034 GC heap before
{Heap before GC invocations=82212 (full 156):
 PSYoungGen      total 177664K, used 171040K [0x0000000775580000, 0x0000000781800000, 0x00000007c0000000)
  eden space 171008K, 100% used [0x0000000775580000,0x000000077fc80000,0x000000077fc80000)
  from space 6656K, 0% used [0x0000000780b00000,0x0000000780b08000,0x0000000781180000)
  to   space 6144K, 0% used [0x0000000781200000,0x0000000781200000,0x0000000781800000)
 ParOldGen       total 615936K, used 594605K [0x00000006e0000000, 0x0000000705980000, 0x0000000775580000)
  object space 615936K, 96% used [0x00000006e0000000,0x00000007044ab698,0x0000000705980000)
 Metaspace       used 21570K, capacity 22552K, committed 23040K, reserved 1069056K
  class space    used 2546K, capacity 2867K, committed 3072K, reserved 1048576K
Event: 33617.077 GC heap after
Heap after GC invocations=82212 (full 156):
 PSYoungGen      total 177152K, used 6118K [0x0000000775580000, 0x0000000784700000, 0x00000007c0000000)
  eden space 171008K, 0% used [0x0000000775580000,0x0000000775580000,0x000000077fc80000)
  from space 6144K, 99% used [0x0000000781200000,0x00000007817f9b48,0x0000000781800000)
  to   space 22016K, 0% used [0x000000077fc80000,0x000000077fc80000,0x0000000781200000)
 ParOldGen       total 633856K, used 633576K [0x00000006e0000000, 0x0000000706b00000, 0x0000000775580000)
  object space 633856K, 99% used [0x00000006e0000000,0x0000000706aba3d0,0x0000000706b00000)
 Metaspace       used 21570K, capacity 22552K, committed 23040K, reserved 1069056K
  class space    used 2546K, capacity 2867K, committed 3072K, reserved 1048576K
}
Event: 33617.077 GC heap before
{Heap before GC invocations=82213 (full 157):
 PSYoungGen      total 177152K, used 6118K [0x0000000775580000, 0x0000000784700000, 0x00000007c0000000)
  eden space 171008K, 0% used [0x0000000775580000,0x0000000775580000,0x000000077fc80000)
  from space 6144K, 99% used [0x0000000781200000,0x00000007817f9b48,0x0000000781800000)
  to   space 22016K, 0% used [0x000000077fc80000,0x000000077fc80000,0x0000000781200000)
 ParOldGen       total 633856K, used 633576K [0x00000006e0000000, 0x0000000706b00000, 0x0000000775580000)
  object space 633856K, 99% used [0x00000006e0000000,0x0000000706aba3d0,0x0000000706b00000)
 Metaspace       used 21570K, capacity 22552K, committed 23040K, reserved 1069056K
  class space    used 2546K, capacity 2867K, committed 3072K, reserved 1048576K
Event: 33617.716 GC heap after
Heap after GC invocations=82213 (full 157):
 PSYoungGen      total 177152K, used 0K [0x0000000775580000, 0x0000000784700000, 0x00000007c0000000)
  eden space 171008K, 0% used [0x0000000775580000,0x0000000775580000,0x000000077fc80000)
  from space 6144K, 0% used [0x0000000781200000,0x0000000781200000,0x0000000781800000)
  to   space 22016K, 0% used [0x000000077fc80000,0x000000077fc80000,0x0000000781200000)
 ParOldGen       total 633344K, used 137298K [0x00000006e0000000, 0x0000000706a80000, 0x0000000775580000)
  object space 633344K, 21% used [0x00000006e0000000,0x00000006e8614bd8,0x0000000706a80000)
 Metaspace       used 21570K, capacity 22552K, committed 23040K, reserved 1069056K
  class space    used 2546K, capacity 2867K, committed 3072K, reserved 1048576K
}

