# JRE version: Java(TM) SE Runtime Environment (8.0_91-b14) (build 1.8.0_91-b14)
# Java VM: Java HotSpot(TM) 64-Bit Server VM (25.91-b14 mixed mode bsd-amd64 compressed oops)
Heap:
 PSYoungGen      total 29184K, used 2480K [0x0000000775580000, 0x0000000777380000, 0x00000007c0000000)
  eden space 28672K, 8% used [0x0000000775580000,0x00000007757ec050,0x0000000777180000)
  from space 512K, 0% used [0x0000000777300000,0x0000000777300000,0x0000000777380000)
  to   space 512K, 0% used [0x0000000777280000,0x0000000777280000,0x0000000777300000)
 ParOldGen       total 63488K, used 11279K [0x00000006e0000000, 0x00000006e3e00000, 0x0000000775580000)
  object space 63488K, 17% used [0x00000006e0000000,0x00000006e0b03f38,0x00000006e3e00000)
 Metaspace       used 20649K, capacity 21384K, committed 22016K, reserved 1069056K
  class space    used 2505K, capacity 2782K, committed 3072K, reserved 1048576K
GC Heap History (10 events):
Event: 5322.260 GC heap before
{Heap before GC invocations=14254 (full 3):
 PSYoungGen      total 29184K, used 28672K [0x0000000775580000, 0x0000000777380000, 0x00000007c0000000)
  eden space 28672K, 100% used [0x0000000775580000,0x0000000777180000,0x0000000777180000)
  from space 512K, 0% used [0x0000000777300000,0x0000000777300000,0x0000000777380000)
  to   space 512K, 0% used [0x0000000777280000,0x0000000777280000,0x0000000777300000)
 ParOldGen       total 65024K, used 64997K [0x00000006e0000000, 0x00000006e3f80000, 0x0000000775580000)
  object space 65024K, 99% used [0x00000006e0000000,0x00000006e3f79480,0x00000006e3f80000)
 Metaspace       used 20880K, capacity 21798K, committed 22016K, reserved 1069056K
  class space    used 2596K, capacity 2955K, committed 3072K, reserved 1048576K
Event: 5322.261 GC heap after
Heap after GC invocations=14254 (full 3):
 PSYoungGen      total 29184K, used 32K [0x0000000775580000, 0x0000000777380000, 0x00000007c0000000)
  eden space 28672K, 0% used [0x0000000775580000,0x0000000775580000,0x0000000777180000)
  from space 512K, 6% used [0x0000000777280000,0x0000000777288000,0x0000000777300000)
  to   space 512K, 0% used [0x0000000777300000,0x0000000777300000,0x0000000777380000)
 ParOldGen       total 65024K, used 64997K [0x00000006e0000000, 0x00000006e3f80000, 0x0000000775580000)
  object space 65024K, 99% used [0x00000006e0000000,0x00000006e3f79480,0x00000006e3f80000)
 Metaspace       used 20880K, capacity 21798K, committed 22016K, reserved 1069056K
  class space    used 2596K, capacity 2955K, committed 3072K, reserved 1048576K
}
Event: 5322.622 GC heap before
{Heap before GC invocations=14255 (full 3):
 PSYoungGen      total 29184K, used 28704K [0x0000000775580000, 0x0000000777380000, 0x00000007c0000000)
  eden space 28672K, 100% used [0x0000000775580000,0x0000000777180000,0x0000000777180000)
  from space 512K, 6% used [0x0000000777280000,0x0000000777288000,0x0000000777300000)
  to   space 512K, 0% used [0x0000000777300000,0x0000000777300000,0x0000000777380000)
 ParOldGen       total 65024K, used 64997K [0x00000006e0000000, 0x00000006e3f80000, 0x0000000775580000)
  object space 65024K, 99% used [0x00000006e0000000,0x00000006e3f79480,0x00000006e3f80000)
 Metaspace       used 20880K, capacity 21798K, committed 22016K, reserved 1069056K
  class space    used 2596K, capacity 2955K, committed 3072K, reserved 1048576K
Event: 5322.623 GC heap after
Heap after GC invocations=14255 (full 3):
 PSYoungGen      total 29184K, used 0K [0x0000000775580000, 0x0000000777380000, 0x00000007c0000000)
  eden space 28672K, 0% used [0x0000000775580000,0x0000000775580000,0x0000000777180000)
  from space 512K, 0% used [0x0000000777300000,0x0000000777300000,0x0000000777380000)
  to   space 512K, 0% used [0x0000000777280000,0x0000000777280000,0x0000000777300000)
 ParOldGen       total 65024K, used 65005K [0x00000006e0000000, 0x00000006e3f80000, 0x0000000775580000)
  object space 65024K, 99% used [0x00000006e0000000,0x00000006e3f7b480,0x00000006e3f80000)
 Metaspace       used 20880K, capacity 21798K, committed 22016K, reserved 1069056K
  class space    used 2596K, capacity 2955K, committed 3072K, reserved 1048576K
}
Event: 5322.999 GC heap before
{Heap before GC invocations=14256 (full 3):
 PSYoungGen      total 29184K, used 28672K [0x0000000775580000, 0x0000000777380000, 0x00000007c0000000)
  eden space 28672K, 100% used [0x0000000775580000,0x0000000777180000,0x0000000777180000)
  from space 512K, 0% used [0x0000000777300000,0x0000000777300000,0x0000000777380000)
  to   space 512K, 0% used [0x0000000777280000,0x0000000777280000,0x0000000777300000)
 ParOldGen       total 65024K, used 65005K [0x00000006e0000000, 0x00000006e3f80000, 0x0000000775580000)
  object space 65024K, 99% used [0x00000006e0000000,0x00000006e3f7b480,0x00000006e3f80000)
 Metaspace       used 20880K, capacity 21798K, committed 22016K, reserved 1069056K
  class space    used 2596K, capacity 2955K, committed 3072K, reserved 1048576K
Event: 5323.000 GC heap after
Heap after GC invocations=14256 (full 3):
 PSYoungGen      total 29184K, used 64K [0x0000000775580000, 0x0000000777380000, 0x00000007c0000000)
  eden space 28672K, 0% used [0x0000000775580000,0x0000000775580000,0x0000000777180000)
  from space 512K, 12% used [0x0000000777280000,0x0000000777290000,0x0000000777300000)
  to   space 512K, 0% used [0x0000000777300000,0x0000000777300000,0x0000000777380000)
 ParOldGen       total 65024K, used 65005K [0x00000006e0000000, 0x00000006e3f80000, 0x0000000775580000)
  object space 65024K, 99% used [0x00000006e0000000,0x00000006e3f7b480,0x00000006e3f80000)
 Metaspace       used 20880K, capacity 21798K, committed 22016K, reserved 1069056K
  class space    used 2596K, capacity 2955K, committed 3072K, reserved 1048576K
}
Event: 5323.354 GC heap before
{Heap before GC invocations=14257 (full 3):
 PSYoungGen      total 29184K, used 28736K [0x0000000775580000, 0x0000000777380000, 0x00000007c0000000)
  eden space 28672K, 100% used [0x0000000775580000,0x0000000777180000,0x0000000777180000)
  from space 512K, 12% used [0x0000000777280000,0x0000000777290000,0x0000000777300000)
  to   space 512K, 0% used [0x0000000777300000,0x0000000777300000,0x0000000777380000)
 ParOldGen       total 65024K, used 65005K [0x00000006e0000000, 0x00000006e3f80000, 0x0000000775580000)
  object space 65024K, 99% used [0x00000006e0000000,0x00000006e3f7b480,0x00000006e3f80000)
 Metaspace       used 20880K, capacity 21798K, committed 22016K, reserved 1069056K
  class space    used 2596K, capacity 2955K, committed 3072K, reserved 1048576K
Event: 5323.355 GC heap after
Heap after GC invocations=14257 (full 3):
 PSYoungGen      total 29184K, used 32K [0x0000000775580000, 0x0000000777380000, 0x00000007c0000000)
  eden space 28672K, 0% used [0x0000000775580000,0x0000000775580000,0x0000000777180000)
  from space 512K, 6% used [0x0000000777300000,0x0000000777308000,0x0000000777380000)
  to   space 512K, 0% used [0x0000000777280000,0x0000000777280000,0x0000000777300000)
 ParOldGen       total 65024K, used 65021K [0x00000006e0000000, 0x00000006e3f80000, 0x0000000775580000)
  object space 65024K, 99% used [0x00000006e0000000,0x00000006e3f7f480,0x00000006e3f80000)
 Metaspace       used 20880K, capacity 21798K, committed 22016K, reserved 1069056K
  class space    used 2596K, capacity 2955K, committed 3072K, reserved 1048576K
}
Event: 5323.355 GC heap before
{Heap before GC invocations=14258 (full 4):
 PSYoungGen      total 29184K, used 32K [0x0000000775580000, 0x0000000777380000, 0x00000007c0000000)
  eden space 28672K, 0% used [0x0000000775580000,0x0000000775580000,0x0000000777180000)
  from space 512K, 6% used [0x0000000777300000,0x0000000777308000,0x0000000777380000)
  to   space 512K, 0% used [0x0000000777280000,0x0000000777280000,0x0000000777300000)
 ParOldGen       total 65024K, used 65021K [0x00000006e0000000, 0x00000006e3f80000, 0x0000000775580000)
  object space 65024K, 99% used [0x00000006e0000000,0x00000006e3f7f480,0x00000006e3f80000)
 Metaspace       used 20880K, capacity 21798K, committed 22016K, reserved 1069056K
  class space    used 2596K, capacity 2955K, committed 3072K, reserved 1048576K
Event: 5323.371 GC heap after
Heap after GC invocations=14258 (full 4):
 PSYoungGen      total 29184K, used 0K [0x0000000775580000, 0x0000000777380000, 0x00000007c0000000)
  eden space 28672K, 0% used [0x0000000775580000,0x0000000775580000,0x0000000777180000)
  from space 512K, 0% used [0x0000000777300000,0x0000000777300000,0x0000000777380000)
  to   space 512K, 0% used [0x0000000777280000,0x0000000777280000,0x0000000777300000)
 ParOldGen       total 63488K, used 11279K [0x00000006e0000000, 0x00000006e3e00000, 0x0000000775580000)
  object space 63488K, 17% used [0x00000006e0000000,0x00000006e0b03f38,0x00000006e3e00000)
 Metaspace       used 20647K, capacity 21384K, committed 22016K, reserved 1069056K
  class space    used 2504K, capacity 2782K, committed 3072K, reserved 1048576K
}

