# JRE version: Java(TM) SE Runtime Environment (8.0_91-b14) (build 1.8.0_91-b14)
# Java VM: Java HotSpot(TM) 64-Bit Server VM (25.91-b14 mixed mode bsd-amd64 compressed oops)
Heap:
 PSYoungGen      total 30720K, used 362K [0x0000000775580000, 0x0000000777500000, 0x00000007c0000000)
  eden space 29184K, 1% used [0x0000000775580000,0x00000007755da998,0x0000000777200000)
  from space 1536K, 0% used [0x0000000777380000,0x0000000777380000,0x0000000777500000)
  to   space 1536K, 0% used [0x0000000777200000,0x0000000777200000,0x0000000777380000)
 ParOldGen       total 75776K, used 20062K [0x00000006e0000000, 0x00000006e4a00000, 0x0000000775580000)
  object space 75776K, 26% used [0x00000006e0000000,0x00000006e1397938,0x00000006e4a00000)
 Metaspace       used 20567K, capacity 21324K, committed 21888K, reserved 1069056K
  class space    used 2486K, capacity 2748K, committed 2944K, reserved 1048576K
GC Heap History (10 events):
Event: 2360.234 GC heap before
{Heap before GC invocations=8090 (full 13):
 PSYoungGen      total 30720K, used 29216K [0x0000000775580000, 0x0000000777500000, 0x00000007c0000000)
  eden space 29184K, 100% used [0x0000000775580000,0x0000000777200000,0x0000000777200000)
  from space 1536K, 2% used [0x0000000777380000,0x0000000777388000,0x0000000777500000)
  to   space 1536K, 0% used [0x0000000777200000,0x0000000777200000,0x0000000777380000)
 ParOldGen       total 91136K, used 86309K [0x00000006e0000000, 0x00000006e5900000, 0x0000000775580000)
  object space 91136K, 94% used [0x00000006e0000000,0x00000006e5449668,0x00000006e5900000)
 Metaspace       used 20766K, capacity 21672K, committed 21888K, reserved 1069056K
  class space    used 2575K, capacity 2920K, committed 2944K, reserved 1048576K
Event: 2360.235 GC heap after
Heap after GC invocations=8090 (full 13):
 PSYoungGen      total 30720K, used 288K [0x0000000775580000, 0x0000000777500000, 0x00000007c0000000)
  eden space 29184K, 0% used [0x0000000775580000,0x0000000775580000,0x0000000777200000)
  from space 1536K, 18% used [0x0000000777200000,0x0000000777248000,0x0000000777380000)
  to   space 1536K, 0% used [0x0000000777380000,0x0000000777380000,0x0000000777500000)
 ParOldGen       total 91136K, used 86317K [0x00000006e0000000, 0x00000006e5900000, 0x0000000775580000)
  object space 91136K, 94% used [0x00000006e0000000,0x00000006e544b668,0x00000006e5900000)
 Metaspace       used 20766K, capacity 21672K, committed 21888K, reserved 1069056K
  class space    used 2575K, capacity 2920K, committed 2944K, reserved 1048576K
}
Event: 2360.532 GC heap before
{Heap before GC invocations=8091 (full 13):
 PSYoungGen      total 30720K, used 29472K [0x0000000775580000, 0x0000000777500000, 0x00000007c0000000)
  eden space 29184K, 100% used [0x0000000775580000,0x0000000777200000,0x0000000777200000)
  from space 1536K, 18% used [0x0000000777200000,0x0000000777248000,0x0000000777380000)
  to   space 1536K, 0% used [0x0000000777380000,0x0000000777380000,0x0000000777500000)
 ParOldGen       total 91136K, used 86317K [0x00000006e0000000, 0x00000006e5900000, 0x0000000775580000)
  object space 91136K, 94% used [0x00000006e0000000,0x00000006e544b668,0x00000006e5900000)
 Metaspace       used 20766K, capacity 21672K, committed 21888K, reserved 1069056K
  class space    used 2575K, capacity 2920K, committed 2944K, reserved 1048576K
Event: 2360.534 GC heap after
Heap after GC invocations=8091 (full 13):
 PSYoungGen      total 30720K, used 64K [0x0000000775580000, 0x0000000777500000, 0x00000007c0000000)
  eden space 29184K, 0% used [0x0000000775580000,0x0000000775580000,0x0000000777200000)
  from space 1536K, 4% used [0x0000000777380000,0x0000000777390000,0x0000000777500000)
  to   space 1536K, 0% used [0x0000000777200000,0x0000000777200000,0x0000000777380000)
 ParOldGen       total 91136K, used 86581K [0x00000006e0000000, 0x00000006e5900000, 0x0000000775580000)
  object space 91136K, 95% used [0x00000006e0000000,0x00000006e548d668,0x00000006e5900000)
 Metaspace       used 20766K, capacity 21672K, committed 21888K, reserved 1069056K
  class space    used 2575K, capacity 2920K, committed 2944K, reserved 1048576K
}
Event: 2360.828 GC heap before
{Heap before GC invocations=8092 (full 13):
 PSYoungGen      total 30720K, used 29248K [0x0000000775580000, 0x0000000777500000, 0x00000007c0000000)
  eden space 29184K, 100% used [0x0000000775580000,0x0000000777200000,0x0000000777200000)
  from space 1536K, 4% used [0x0000000777380000,0x0000000777390000,0x0000000777500000)
  to   space 1536K, 0% used [0x0000000777200000,0x0000000777200000,0x0000000777380000)
 ParOldGen       total 91136K, used 86581K [0x00000006e0000000, 0x00000006e5900000, 0x0000000775580000)
  object space 91136K, 95% used [0x00000006e0000000,0x00000006e548d668,0x00000006e5900000)
 Metaspace       used 20766K, capacity 21672K, committed 21888K, reserved 1069056K
  class space    used 2575K, capacity 2920K, committed 2944K, reserved 1048576K
Event: 2360.829 GC heap after
Heap after GC invocations=8092 (full 13):
 PSYoungGen      total 30720K, used 64K [0x0000000775580000, 0x0000000777500000, 0x00000007c0000000)
  eden space 29184K, 0% used [0x0000000775580000,0x0000000775580000,0x0000000777200000)
  from space 1536K, 4% used [0x0000000777200000,0x0000000777210000,0x0000000777380000)
  to   space 1536K, 0% used [0x0000000777380000,0x0000000777380000,0x0000000777500000)
 ParOldGen       total 91136K, used 86597K [0x00000006e0000000, 0x00000006e5900000, 0x0000000775580000)
  object space 91136K, 95% used [0x00000006e0000000,0x00000006e5491668,0x00000006e5900000)
 Metaspace       used 20766K, capacity 21672K, committed 21888K, reserved 1069056K
  class space    used 2575K, capacity 2920K, committed 2944K, reserved 1048576K
}
Event: 10427.517 GC heap before
{Heap before GC invocations=8093 (full 13):
 PSYoungGen      total 30720K, used 29248K [0x0000000775580000, 0x0000000777500000, 0x00000007c0000000)
  eden space 29184K, 100% used [0x0000000775580000,0x0000000777200000,0x0000000777200000)
  from space 1536K, 4% used [0x0000000777200000,0x0000000777210000,0x0000000777380000)
  to   space 1536K, 0% used [0x0000000777380000,0x0000000777380000,0x0000000777500000)
 ParOldGen       total 91136K, used 86597K [0x00000006e0000000, 0x00000006e5900000, 0x0000000775580000)
  object space 91136K, 95% used [0x00000006e0000000,0x00000006e5491668,0x00000006e5900000)
 Metaspace       used 20799K, capacity 21738K, committed 21888K, reserved 1069056K
  class space    used 2578K, capacity 2921K, committed 2944K, reserved 1048576K
Event: 10427.532 GC heap after
Heap after GC invocations=8093 (full 13):
 PSYoungGen      total 30720K, used 1081K [0x0000000775580000, 0x0000000777500000, 0x00000007c0000000)
  eden space 29184K, 0% used [0x0000000775580000,0x0000000775580000,0x0000000777200000)
  from space 1536K, 70% used [0x0000000777380000,0x000000077748e5c8,0x0000000777500000)
  to   space 1536K, 0% used [0x0000000777200000,0x0000000777200000,0x0000000777380000)
 ParOldGen       total 92672K, used 91869K [0x00000006e0000000, 0x00000006e5a80000, 0x0000000775580000)
  object space 92672K, 99% used [0x00000006e0000000,0x00000006e59b77c8,0x00000006e5a80000)
 Metaspace       used 20799K, capacity 21738K, committed 21888K, reserved 1069056K
  class space    used 2578K, capacity 2921K, committed 2944K, reserved 1048576K
}
Event: 10427.532 GC heap before
{Heap before GC invocations=8094 (full 14):
 PSYoungGen      total 30720K, used 1081K [0x0000000775580000, 0x0000000777500000, 0x00000007c0000000)
  eden space 29184K, 0% used [0x0000000775580000,0x0000000775580000,0x0000000777200000)
  from space 1536K, 70% used [0x0000000777380000,0x000000077748e5c8,0x0000000777500000)
  to   space 1536K, 0% used [0x0000000777200000,0x0000000777200000,0x0000000777380000)
 ParOldGen       total 92672K, used 91869K [0x00000006e0000000, 0x00000006e5a80000, 0x0000000775580000)
  object space 92672K, 99% used [0x00000006e0000000,0x00000006e59b77c8,0x00000006e5a80000)
 Metaspace       used 20799K, capacity 21738K, committed 21888K, reserved 1069056K
  class space    used 2578K, capacity 2921K, committed 2944K, reserved 1048576K
Event: 10427.678 GC heap after
Heap after GC invocations=8094 (full 14):
 PSYoungGen      total 30720K, used 0K [0x0000000775580000, 0x0000000777500000, 0x00000007c0000000)
  eden space 29184K, 0% used [0x0000000775580000,0x0000000775580000,0x0000000777200000)
  from space 1536K, 0% used [0x0000000777380000,0x0000000777380000,0x0000000777500000)
  to   space 1536K, 0% used [0x0000000777200000,0x0000000777200000,0x0000000777380000)
 ParOldGen       total 75776K, used 20062K [0x00000006e0000000, 0x00000006e4a00000, 0x0000000775580000)
  object space 75776K, 26% used [0x00000006e0000000,0x00000006e1397938,0x00000006e4a00000)
 Metaspace       used 20567K, capacity 21324K, committed 21888K, reserved 1069056K
  class space    used 2486K, capacity 2748K, committed 2944K, reserved 1048576K
}

