# JRE version: Java(TM) SE Runtime Environment (8.0_91-b14) (build 1.8.0_91-b14)
# Java VM: Java HotSpot(TM) 64-Bit Server VM (25.91-b14 mixed mode bsd-amd64 compressed oops)
Heap:
 PSYoungGen      total 102912K, used 3153K [0x0000000775580000, 0x000000077d400000, 0x00000007c0000000)
  eden space 99840K, 3% used [0x0000000775580000,0x00000007758947d0,0x000000077b700000)
  from space 3072K, 0% used [0x000000077b700000,0x000000077b700000,0x000000077ba00000)
  to   space 5632K, 0% used [0x000000077ce80000,0x000000077ce80000,0x000000077d400000)
 ParOldGen       total 106496K, used 37238K [0x00000006e0000000, 0x00000006e6800000, 0x0000000775580000)
  object space 106496K, 34% used [0x00000006e0000000,0x00000006e245d828,0x00000006e6800000)
 Metaspace       used 21678K, capacity 22472K, committed 23040K, reserved 1069056K
  class space    used 2546K, capacity 2847K, committed 3072K, reserved 1048576K
GC Heap History (10 events):
Event: 7798.546 GC heap before
{Heap before GC invocations=45452 (full 28):
 PSYoungGen      total 74752K, used 71168K [0x0000000775580000, 0x000000077af80000, 0x00000007c0000000)
  eden space 71168K, 100% used [0x0000000775580000,0x0000000779b00000,0x0000000779b00000)
  from space 3584K, 0% used [0x0000000779b00000,0x0000000779b00000,0x0000000779e80000)
  to   space 3584K, 0% used [0x000000077ac00000,0x000000077ac00000,0x000000077af80000)
 ParOldGen       total 102400K, used 97191K [0x00000006e0000000, 0x00000006e6400000, 0x0000000775580000)
  object space 102400K, 94% used [0x00000006e0000000,0x00000006e5ee9e08,0x00000006e6400000)
 Metaspace       used 21782K, capacity 22678K, committed 23040K, reserved 1069056K
  class space    used 2584K, capacity 2918K, committed 3072K, reserved 1048576K
Event: 7798.548 GC heap after
Heap after GC invocations=45452 (full 28):
 PSYoungGen      total 86528K, used 448K [0x0000000775580000, 0x000000077ae00000, 0x00000007c0000000)
  eden space 84480K, 0% used [0x0000000775580000,0x0000000775580000,0x000000077a800000)
  from space 2048K, 21% used [0x000000077ac00000,0x000000077ac70000,0x000000077ae00000)
  to   space 3072K, 0% used [0x000000077a800000,0x000000077a800000,0x000000077ab00000)
 ParOldGen       total 102400K, used 97191K [0x00000006e0000000, 0x00000006e6400000, 0x0000000775580000)
  object space 102400K, 94% used [0x00000006e0000000,0x00000006e5ee9e08,0x00000006e6400000)
 Metaspace       used 21782K, capacity 22678K, committed 23040K, reserved 1069056K
  class space    used 2584K, capacity 2918K, committed 3072K, reserved 1048576K
}
Event: 7798.866 GC heap before
{Heap before GC invocations=45453 (full 28):
 PSYoungGen      total 86528K, used 84928K [0x0000000775580000, 0x000000077ae00000, 0x00000007c0000000)
  eden space 84480K, 100% used [0x0000000775580000,0x000000077a800000,0x000000077a800000)
  from space 2048K, 21% used [0x000000077ac00000,0x000000077ac70000,0x000000077ae00000)
  to   space 3072K, 0% used [0x000000077a800000,0x000000077a800000,0x000000077ab00000)
 ParOldGen       total 102400K, used 97191K [0x00000006e0000000, 0x00000006e6400000, 0x0000000775580000)
  object space 102400K, 94% used [0x00000006e0000000,0x00000006e5ee9e08,0x00000006e6400000)
 Metaspace       used 21782K, capacity 22678K, committed 23040K, reserved 1069056K
  class space    used 2584K, capacity 2918K, committed 3072K, reserved 1048576K
Event: 7798.868 GC heap after
Heap after GC invocations=45453 (full 28):
 PSYoungGen      total 87552K, used 64K [0x0000000775580000, 0x000000077bd80000, 0x00000007c0000000)
  eden space 84480K, 0% used [0x0000000775580000,0x0000000775580000,0x000000077a800000)
  from space 3072K, 2% used [0x000000077a800000,0x000000077a810000,0x000000077ab00000)
  to   space 3072K, 0% used [0x000000077ba80000,0x000000077ba80000,0x000000077bd80000)
 ParOldGen       total 102400K, used 97591K [0x00000006e0000000, 0x00000006e6400000, 0x0000000775580000)
  object space 102400K, 95% used [0x00000006e0000000,0x00000006e5f4de08,0x00000006e6400000)
 Metaspace       used 21782K, capacity 22678K, committed 23040K, reserved 1069056K
  class space    used 2584K, capacity 2918K, committed 3072K, reserved 1048576K
}
Event: 7799.185 GC heap before
{Heap before GC invocations=45454 (full 28):
 PSYoungGen      total 87552K, used 84544K [0x0000000775580000, 0x000000077bd80000, 0x00000007c0000000)
  eden space 84480K, 100% used [0x0000000775580000,0x000000077a800000,0x000000077a800000)
  from space 3072K, 2% used [0x000000077a800000,0x000000077a810000,0x000000077ab00000)
  to   space 3072K, 0% used [0x000000077ba80000,0x000000077ba80000,0x000000077bd80000)
 ParOldGen       total 102400K, used 97591K [0x00000006e0000000, 0x00000006e6400000, 0x0000000775580000)
  object space 102400K, 95% used [0x00000006e0000000,0x00000006e5f4de08,0x00000006e6400000)
 Metaspace       used 21782K, capacity 22678K, committed 23040K, reserved 1069056K
  class space    used 2584K, capacity 2918K, committed 3072K, reserved 1048576K
Event: 7799.186 GC heap after
Heap after GC invocations=45454 (full 28):
 PSYoungGen      total 102400K, used 0K [0x0000000775580000, 0x000000077bd00000, 0x00000007c0000000)
  eden space 99840K, 0% used [0x0000000775580000,0x0000000775580000,0x000000077b700000)
  from space 2560K, 0% used [0x000000077ba80000,0x000000077ba80000,0x000000077bd00000)
  to   space 3072K, 0% used [0x000000077b700000,0x000000077b700000,0x000000077ba00000)
 ParOldGen       total 102400K, used 97599K [0x00000006e0000000, 0x00000006e6400000, 0x0000000775580000)
  object space 102400K, 95% used [0x00000006e0000000,0x00000006e5f4fe08,0x00000006e6400000)
 Metaspace       used 21782K, capacity 22678K, committed 23040K, reserved 1069056K
  class space    used 2584K, capacity 2918K, committed 3072K, reserved 1048576K
}
Event: 7799.529 GC heap before
{Heap before GC invocations=45455 (full 28):
 PSYoungGen      total 102400K, used 99840K [0x0000000775580000, 0x000000077bd00000, 0x00000007c0000000)
  eden space 99840K, 100% used [0x0000000775580000,0x000000077b700000,0x000000077b700000)
  from space 2560K, 0% used [0x000000077ba80000,0x000000077ba80000,0x000000077bd00000)
  to   space 3072K, 0% used [0x000000077b700000,0x000000077b700000,0x000000077ba00000)
 ParOldGen       total 102400K, used 97599K [0x00000006e0000000, 0x00000006e6400000, 0x0000000775580000)
  object space 102400K, 95% used [0x00000006e0000000,0x00000006e5f4fe08,0x00000006e6400000)
 Metaspace       used 21782K, capacity 22678K, committed 23040K, reserved 1069056K
  class space    used 2584K, capacity 2918K, committed 3072K, reserved 1048576K
Event: 7799.537 GC heap after
Heap after GC invocations=45455 (full 28):
 PSYoungGen      total 102912K, used 3041K [0x0000000775580000, 0x000000077d400000, 0x00000007c0000000)
  eden space 99840K, 0% used [0x0000000775580000,0x0000000775580000,0x000000077b700000)
  from space 3072K, 98% used [0x000000077b700000,0x000000077b9f84a8,0x000000077ba00000)
  to   space 5632K, 0% used [0x000000077ce80000,0x000000077ce80000,0x000000077d400000)
 ParOldGen       total 102400K, used 102383K [0x00000006e0000000, 0x00000006e6400000, 0x0000000775580000)
  object space 102400K, 99% used [0x00000006e0000000,0x00000006e63fbe08,0x00000006e6400000)
 Metaspace       used 21782K, capacity 22678K, committed 23040K, reserved 1069056K
  class space    used 2584K, capacity 2918K, committed 3072K, reserved 1048576K
}
Event: 7799.537 GC heap before
{Heap before GC invocations=45456 (full 29):
 PSYoungGen      total 102912K, used 3041K [0x0000000775580000, 0x000000077d400000, 0x00000007c0000000)
  eden space 99840K, 0% used [0x0000000775580000,0x0000000775580000,0x000000077b700000)
  from space 3072K, 98% used [0x000000077b700000,0x000000077b9f84a8,0x000000077ba00000)
  to   space 5632K, 0% used [0x000000077ce80000,0x000000077ce80000,0x000000077d400000)
 ParOldGen       total 102400K, used 102383K [0x00000006e0000000, 0x00000006e6400000, 0x0000000775580000)
  object space 102400K, 99% used [0x00000006e0000000,0x00000006e63fbe08,0x00000006e6400000)
 Metaspace       used 21782K, capacity 22678K, committed 23040K, reserved 1069056K
  class space    used 2584K, capacity 2918K, committed 3072K, reserved 1048576K
Event: 7799.666 GC heap after
Heap after GC invocations=45456 (full 29):
 PSYoungGen      total 102912K, used 0K [0x0000000775580000, 0x000000077d400000, 0x00000007c0000000)
  eden space 99840K, 0% used [0x0000000775580000,0x0000000775580000,0x000000077b700000)
  from space 3072K, 0% used [0x000000077b700000,0x000000077b700000,0x000000077ba00000)
  to   space 5632K, 0% used [0x000000077ce80000,0x000000077ce80000,0x000000077d400000)
 ParOldGen       total 106496K, used 37238K [0x00000006e0000000, 0x00000006e6800000, 0x0000000775580000)
  object space 106496K, 34% used [0x00000006e0000000,0x00000006e245d828,0x00000006e6800000)
 Metaspace       used 21678K, capacity 22472K, committed 23040K, reserved 1069056K
  class space    used 2546K, capacity 2847K, committed 3072K, reserved 1048576K
}

